Loaded glmnet 2.0-18


Attaching package: ‘survival’

The following object is masked from ‘package:caret’:

    cluster


Attaching package: ‘Hmisc’

The following objects are masked from ‘package:base’:

    format.pval, units


Attaching package: ‘SparseM’

The following object is masked from ‘package:base’:

    backsolve

Loading required package: DBI
Loading required package: colorspace
Loading required package: grid
Loading required package: data.table
VIM is ready to use. 
 Since version 4.0.0 the GUI is in its own package VIMGUI.

          Please use the package to use the new (and old) GUI.

Suggestions and bug-reports can be submitted at: https://github.com/alexkowa/VIM/issues

Attaching package: ‘VIM’

The following object is masked from ‘package:datasets’:

    sleep


Attaching package: ‘dplyr’

The following objects are masked from ‘package:data.table’:

    between, first, last

The following object is masked from ‘package:MASS’:

    select

The following objects are masked from ‘package:Hmisc’:

    src, summarize

The following objects are masked from ‘package:stats’:

    filter, lag

The following objects are masked from ‘package:base’:

    intersect, setdiff, setequal, union


Attaching package: ‘purrr’

The following object is masked from ‘package:data.table’:

    transpose

The following objects are masked from ‘package:foreach’:

    accumulate, when

The following object is masked from ‘package:caret’:

    lift

Registered S3 method overwritten by 'xts':
  method     from
  as.zoo.xts zoo 
Registered S3 method overwritten by 'quantmod':
  method            from
  as.zoo.data.frame zoo 

Attaching package: ‘DMwR’

The following object is masked from ‘package:VIM’:

    kNN


Attaching package: ‘tidyr’

The following objects are masked from ‘package:Matrix’:

    expand, pack, unpack

Loading required package: prodlim

Attaching package: ‘pec’

The following object is masked from ‘package:caret’:

    R2

------------------------------------------------------------------------------
You have loaded plyr after dplyr - this is likely to cause problems.
If you need functions from both plyr and dplyr, please load plyr first, then dplyr:
library(plyr); library(dplyr)
------------------------------------------------------------------------------

Attaching package: ‘plyr’

The following object is masked from ‘package:DMwR’:

    join

The following object is masked from ‘package:purrr’:

    compact

The following objects are masked from ‘package:dplyr’:

    arrange, count, desc, failwith, id, mutate, rename, summarise,
    summarize

The following objects are masked from ‘package:Hmisc’:

    is.discrete, summarize

Loaded ROSE 0.0-3


Attaching package: ‘InformationValue’

The following objects are masked from ‘package:caret’:

    confusionMatrix, precision, sensitivity, specificity


Attaching package: ‘MLmetrics’

The following objects are masked from ‘package:caret’:

    MAE, RMSE

The following object is masked from ‘package:base’:

    Recall

Type 'citation("pROC")' for a citation.

Attaching package: ‘pROC’

The following object is masked from ‘package:colorspace’:

    coords

The following object is masked from ‘package:glmnet’:

    auc

The following objects are masked from ‘package:stats’:

    cov, smooth, var

here() starts at /Users/mac/Documents/Wingu/donaronline/trabajo_final_boosteado/churn_donations

Attaching package: ‘here’

The following object is masked from ‘package:plyr’:

    here

Loading required package: rJava
Setting levels: control = 0, case = 1
Setting direction: controls < cases
